# JRE version: Java(TM) SE Runtime Environment 18.9 (11.0.20+9) (build 11.0.20+9-LTS-256)
# Java VM: Java HotSpot(TM) 64-Bit Server VM 18.9 (11.0.20+9-LTS-256, mixed mode, tiered, compressed oops, g1 gc, windows-amd64)
Heap:
 garbage-first heap   total 258048K, used 19887K [0x0000000704400000, 0x0000000800000000)
  region size 1024K, 13 young (13312K), 5 survivors (5120K)
 Metaspace       used 28981K, capacity 29699K, committed 29824K, reserved 1075200K
  class space    used 3424K, capacity 3692K, committed 3712K, reserved 1048576K
GC Heap History (8 events):
Event: 0.677 GC heap before
{Heap before GC invocations=0 (full 0):
 garbage-first heap   total 258048K, used 24576K [0x0000000704400000, 0x0000000800000000)
  region size 1024K, 24 young (24576K), 0 survivors (0K)
 Metaspace       used 10456K, capacity 10633K, committed 10880K, reserved 1058816K
  class space    used 993K, capacity 1056K, committed 1152K, reserved 1048576K
}
Event: 0.680 GC heap after
{Heap after GC invocations=1 (full 0):
 garbage-first heap   total 258048K, used 7998K [0x0000000704400000, 0x0000000800000000)
  region size 1024K, 3 young (3072K), 3 survivors (3072K)
 Metaspace       used 10456K, capacity 10633K, committed 10880K, reserved 1058816K
  class space    used 993K, capacity 1056K, committed 1152K, reserved 1048576K
}
Event: 1.322 GC heap before
{Heap before GC invocations=1 (full 0):
 garbage-first heap   total 258048K, used 55102K [0x0000000704400000, 0x0000000800000000)
  region size 1024K, 49 young (50176K), 3 survivors (3072K)
 Metaspace       used 19467K, capacity 19940K, committed 20096K, reserved 1067008K
  class space    used 2203K, capacity 2374K, committed 2432K, reserved 1048576K
}
Event: 1.327 GC heap after
{Heap after GC invocations=2 (full 0):
 garbage-first heap   total 258048K, used 9958K [0x0000000704400000, 0x0000000800000000)
  region size 1024K, 5 young (5120K), 5 survivors (5120K)
 Metaspace       used 19467K, capacity 19940K, committed 20096K, reserved 1067008K
  class space    used 2203K, capacity 2374K, committed 2432K, reserved 1048576K
}
Event: 1.412 GC heap before
{Heap before GC invocations=2 (full 0):
 garbage-first heap   total 258048K, used 17126K [0x0000000704400000, 0x0000000800000000)
  region size 1024K, 14 young (14336K), 5 survivors (5120K)
 Metaspace       used 20663K, capacity 21129K, committed 21248K, reserved 1069056K
  class space    used 2367K, capacity 2554K, committed 2560K, reserved 1048576K
}
Event: 1.420 GC heap after
{Heap after GC invocations=3 (full 0):
 garbage-first heap   total 258048K, used 10384K [0x0000000704400000, 0x0000000800000000)
  region size 1024K, 3 young (3072K), 3 survivors (3072K)
 Metaspace       used 20663K, capacity 21129K, committed 21248K, reserved 1069056K
  class space    used 2367K, capacity 2554K, committed 2560K, reserved 1048576K
}
Event: 2.084 GC heap before
{Heap before GC invocations=4 (full 0):
 garbage-first heap   total 258048K, used 67728K [0x0000000704400000, 0x0000000800000000)
  region size 1024K, 60 young (61440K), 3 survivors (3072K)
 Metaspace       used 28493K, capacity 29116K, committed 29312K, reserved 1075200K
  class space    used 3350K, capacity 3598K, committed 3712K, reserved 1048576K
}
Event: 2.097 GC heap after
{Heap after GC invocations=5 (full 0):
 garbage-first heap   total 258048K, used 12719K [0x0000000704400000, 0x0000000800000000)
  region size 1024K, 5 young (5120K), 5 survivors (5120K)
 Metaspace       used 28493K, capacity 29116K, committed 29312K, reserved 1075200K
  class space    used 3350K, capacity 3598K, committed 3712K, reserved 1048576K
}

